Start testing: Aug 27 23:57 CST
----------------------------------------------------------
1/4 Testing: num_test1
1/4 Test: num_test1
Command: "/home/qiupeng/C/7/build/test/hello_test" "1"
Directory: /home/qiupeng/C/7/build/test
"num_test1" start time: Aug 27 23:57 CST
Output:
----------------------------------------------------------
<end of output>
Test time =   0.03 sec
----------------------------------------------------------
Test Failed.
"num_test1" end time: Aug 27 23:57 CST
"num_test1" time elapsed: 00:00:00
----------------------------------------------------------

2/4 Testing: num_test2
2/4 Test: num_test2
Command: "/home/qiupeng/C/7/build/test/hello_test" "2"
Directory: /home/qiupeng/C/7/build/test
"num_test2" start time: Aug 27 23:57 CST
Output:
----------------------------------------------------------
<end of output>
Test time =   0.03 sec
----------------------------------------------------------
Test Failed.
"num_test2" end time: Aug 27 23:57 CST
"num_test2" time elapsed: 00:00:00
----------------------------------------------------------

3/4 Testing: num_test3
3/4 Test: num_test3
Command: "/home/qiupeng/C/7/build/test/hello_test" "3"
Directory: /home/qiupeng/C/7/build/test
"num_test3" start time: Aug 27 23:57 CST
Output:
----------------------------------------------------------
<end of output>
Test time =   0.03 sec
----------------------------------------------------------
Test Failed.
"num_test3" end time: Aug 27 23:57 CST
"num_test3" time elapsed: 00:00:00
----------------------------------------------------------

4/4 Testing: num_test4
4/4 Test: num_test4
Command: "/home/qiupeng/C/7/build/test/hello_test" "4"
Directory: /home/qiupeng/C/7/build/test
"num_test4" start time: Aug 27 23:57 CST
Output:
----------------------------------------------------------
<end of output>
Test time =   0.03 sec
----------------------------------------------------------
Test Failed.
"num_test4" end time: Aug 27 23:57 CST
"num_test4" time elapsed: 00:00:00
----------------------------------------------------------

End testing: Aug 27 23:57 CST
